{"uid":"45c23ada531b60b","name":"App in a guest space","fullName":"features/customize/apply.feature#App in a guest space","historyId":"2b43553646cd4a07b368771c42978af9:d41d8cd98f00b204e9800998ecf8427e","time":{"start":1770190193165,"stop":1770190214187,"duration":21022},"description":"","status":"failed","statusMessage":"AssertionError [ERR_ASSERTION]: [2026-02-04T07:29:53.367Z] INFO: Start uploading customization files\n[2026-02-04T07:29:53.945Z] INFO: desktop/js/sample.js has been uploaded!\n[2026-02-04T07:29:53.945Z] INFO: JavaScript/CSS files have been uploaded!\n[2026-02-04T07:29:54.510Z] ERROR: Failed to update customize setting\n[2026-02-04T07:29:54.510Z] WARN: An error occurred, retry\n[2026-02-04T07:29:56.493Z] ERROR: Failed to update customize setting\n[2026-02-04T07:29:56.494Z] WARN: An error occurred, retry\n[2026-02-04T07:29:59.875Z] ERROR: Failed to update customize setting\n[2026-02-04T07:29:59.875Z] WARN: An error occurred, retry\n[2026-02-04T07:30:05.407Z] ERROR: Failed to update customize setting\n[2026-02-04T07:30:05.407Z] WARN: An error occurred, retry\n[2026-02-04T07:30:14.171Z] ERROR: Failed to update customize setting\n[2026-02-04T07:30:14.171Z] WARN: An error occurred, retry\n[2026-02-04T07:30:14.171Z] ERROR: [403] [CB_NO02] No privilege to proceed. (XFrnFn2xaY1mQBOZCbKN)\n\n    + expected - actual\n\n    -1\n    +0\n\n    at OurWorld.<anonymous> (/home/runner/work/cli-kintone/cli-kintone/features/step_definitions/record/common.ts:224:10)","flaky":false,"newFailed":false,"newBroken":false,"newPassed":false,"retriesCount":0,"retriesStatusChange":false,"beforeStages":[],"testStage":{"description":"","status":"failed","statusMessage":"AssertionError [ERR_ASSERTION]: [2026-02-04T07:29:53.367Z] INFO: Start uploading customization files\n[2026-02-04T07:29:53.945Z] INFO: desktop/js/sample.js has been uploaded!\n[2026-02-04T07:29:53.945Z] INFO: JavaScript/CSS files have been uploaded!\n[2026-02-04T07:29:54.510Z] ERROR: Failed to update customize setting\n[2026-02-04T07:29:54.510Z] WARN: An error occurred, retry\n[2026-02-04T07:29:56.493Z] ERROR: Failed to update customize setting\n[2026-02-04T07:29:56.494Z] WARN: An error occurred, retry\n[2026-02-04T07:29:59.875Z] ERROR: Failed to update customize setting\n[2026-02-04T07:29:59.875Z] WARN: An error occurred, retry\n[2026-02-04T07:30:05.407Z] ERROR: Failed to update customize setting\n[2026-02-04T07:30:05.407Z] WARN: An error occurred, retry\n[2026-02-04T07:30:14.171Z] ERROR: Failed to update customize setting\n[2026-02-04T07:30:14.171Z] WARN: An error occurred, retry\n[2026-02-04T07:30:14.171Z] ERROR: [403] [CB_NO02] No privilege to proceed. (XFrnFn2xaY1mQBOZCbKN)\n\n    + expected - actual\n\n    -1\n    +0\n\n    at OurWorld.<anonymous> (/home/runner/work/cli-kintone/cli-kintone/features/step_definitions/record/common.ts:224:10)","steps":[{"name":"Given An asset with key \"customize_manifest\" is available as \"manifest\"","time":{"start":1770190193167,"stop":1770190193179,"duration":12},"status":"passed","steps":[],"attachments":[],"parameters":[],"stepsCount":0,"shouldDisplayMessage":false,"attachmentsCount":0,"hasContent":false,"attachmentStep":false},{"name":"And Load app ID of the app \"app_in_guest_space_for_customize_apply\" as env var: \"APP_ID\"","time":{"start":1770190193179,"stop":1770190193182,"duration":3},"status":"passed","steps":[],"attachments":[],"parameters":[],"stepsCount":0,"shouldDisplayMessage":false,"attachmentsCount":0,"hasContent":false,"attachmentStep":false},{"name":"And Load guest space ID of the app \"app_in_guest_space_for_customize_apply\" as env var: \"GUEST_SPACE_ID\"","time":{"start":1770190193182,"stop":1770190193185,"duration":3},"status":"passed","steps":[],"attachments":[],"parameters":[],"stepsCount":0,"shouldDisplayMessage":false,"attachmentsCount":0,"hasContent":false,"attachmentStep":false},{"name":"And Load username and password of user \"user_for_guest_space\" as env vars: \"USERNAME\" and \"PASSWORD\"","time":{"start":1770190193185,"stop":1770190193187,"duration":2},"status":"passed","steps":[],"attachments":[],"parameters":[],"stepsCount":0,"shouldDisplayMessage":false,"attachmentsCount":0,"hasContent":false,"attachmentStep":false},{"name":"When I run the command with args \"customize apply --base-url $$TEST_KINTONE_BASE_URL --app $APP_ID --input manifest/customize-manifest.json --username $USERNAME --password $PASSWORD --guest-space-id $GUEST_SPACE_ID --yes\"","time":{"start":1770190193187,"stop":1770190214179,"duration":20992},"status":"passed","steps":[],"attachments":[],"parameters":[],"stepsCount":0,"shouldDisplayMessage":false,"attachmentsCount":0,"hasContent":false,"attachmentStep":false},{"name":"Then I should get the exit code is zero","time":{"start":1770190214179,"stop":1770190214185,"duration":6},"status":"failed","statusMessage":"AssertionError [ERR_ASSERTION]: [2026-02-04T07:29:53.367Z] INFO: Start uploading customization files\n[2026-02-04T07:29:53.945Z] INFO: desktop/js/sample.js has been uploaded!\n[2026-02-04T07:29:53.945Z] INFO: JavaScript/CSS files have been uploaded!\n[2026-02-04T07:29:54.510Z] ERROR: Failed to update customize setting\n[2026-02-04T07:29:54.510Z] WARN: An error occurred, retry\n[2026-02-04T07:29:56.493Z] ERROR: Failed to update customize setting\n[2026-02-04T07:29:56.494Z] WARN: An error occurred, retry\n[2026-02-04T07:29:59.875Z] ERROR: Failed to update customize setting\n[2026-02-04T07:29:59.875Z] WARN: An error occurred, retry\n[2026-02-04T07:30:05.407Z] ERROR: Failed to update customize setting\n[2026-02-04T07:30:05.407Z] WARN: An error occurred, retry\n[2026-02-04T07:30:14.171Z] ERROR: Failed to update customize setting\n[2026-02-04T07:30:14.171Z] WARN: An error occurred, retry\n[2026-02-04T07:30:14.171Z] ERROR: [403] [CB_NO02] No privilege to proceed. (XFrnFn2xaY1mQBOZCbKN)\n\n    + expected - actual\n\n    -1\n    +0\n\n    at OurWorld.<anonymous> (/home/runner/work/cli-kintone/cli-kintone/features/step_definitions/record/common.ts:224:10)","steps":[],"attachments":[],"parameters":[],"stepsCount":0,"shouldDisplayMessage":true,"attachmentsCount":0,"hasContent":true,"attachmentStep":false}],"attachments":[],"parameters":[],"stepsCount":6,"shouldDisplayMessage":false,"attachmentsCount":0,"hasContent":true,"attachmentStep":false},"afterStages":[],"labels":[{"name":"host","value":"runnervmkj6or"},{"name":"language","value":"javascript"},{"name":"framework","value":"cucumberjs"},{"name":"thread","value":"2"},{"name":"feature","value":"customize apply"},{"name":"suite","value":"App in a guest space"},{"name":"tag","value":"@isolated"},{"name":"tag","value":"@customize-apply"},{"name":"tag","value":"@serial(app_in_guest_space_for_customize_apply)"},{"name":"resultFormat","value":"allure2"}],"parameters":[],"links":[],"hidden":false,"retry":false,"extra":{"severity":"normal","retries":[],"categories":[{"name":"Product defects","matchedStatuses":[],"flaky":false}],"history":{"statistic":{"failed":2,"broken":0,"skipped":0,"passed":0,"unknown":0,"total":2},"items":[{"uid":"fa8c21282e1e89f2","reportUrl":"https://kintone.github.io/cli-kintone/11976/#testresult/fa8c21282e1e89f2","status":"failed","statusDetails":"AssertionError [ERR_ASSERTION]: [2026-02-04T06:45:52.505Z] WARN: [Experimental] This feature is under early development\n[2026-02-04T06:45:52.516Z] INFO: Start uploading customization files\n[2026-02-04T06:45:53.060Z] INFO: desktop/js/sample.js has been uploaded!\n[2026-02-04T06:45:53.060Z] INFO: JavaScript/CSS files have been uploaded!\n[2026-02-04T06:45:53.558Z] ERROR: Failed to update customize setting\n[2026-02-04T06:45:53.562Z] WARN: An error occurred, retry\n[2026-02-04T06:45:55.493Z] ERROR: Failed to update customize setting\n[2026-02-04T06:45:55.494Z] WARN: An error occurred, retry\n[2026-02-04T06:45:58.799Z] ERROR: Failed to update customize setting\n[2026-02-04T06:45:58.799Z] WARN: An error occurred, retry\n[2026-02-04T06:46:03.311Z] ERROR: Failed to update customize setting\n[2026-02-04T06:46:03.312Z] WARN: An error occurred, retry\n[2026-02-04T06:46:12.277Z] ERROR: Failed to update customize setting\n[2026-02-04T06:46:12.277Z] WARN: An error occurred, retry\n[2026-02-04T06:46:12.278Z] ERROR: [403] [CB_NO02] No privilege to proceed. (Y2mgsRlIyJ4Hz1YF5Ovj)\n\n    + expected - actual\n\n    -1\n    +0\n\n    at OurWorld.<anonymous> (/home/runner/work/cli-kintone/cli-kintone/features/step_definitions/record/common.ts:224:10)","time":{"start":1770187552294,"stop":1770187572293,"duration":19999}}]},"tags":["@customize-apply","@serial(app_in_guest_space_for_customize_apply)","@isolated"]},"source":"45c23ada531b60b.json","parameterValues":[]}