{"uid":"1ea4af868f5dcdff","name":"Skip confirmation by --yes","fullName":"features/customize/apply.feature#Skip confirmation by --yes","historyId":"004a306da3020ff087c81328409dafa8:d41d8cd98f00b204e9800998ecf8427e","time":{"start":1770187552617,"stop":1770187573994,"duration":21377},"description":"","status":"failed","statusMessage":"AssertionError [ERR_ASSERTION]: [2026-02-04T06:45:53.177Z] WARN: [Experimental] This feature is under early development\n[2026-02-04T06:45:53.194Z] INFO: Start uploading customization files\n[2026-02-04T06:45:53.698Z] INFO: desktop/js/sample.js has been uploaded!\n[2026-02-04T06:45:53.698Z] INFO: JavaScript/CSS files have been uploaded!\n[2026-02-04T06:45:54.127Z] ERROR: Failed to update customize setting\n[2026-02-04T06:45:54.127Z] WARN: An error occurred, retry\n[2026-02-04T06:45:56.297Z] ERROR: Failed to update customize setting\n[2026-02-04T06:45:56.297Z] WARN: An error occurred, retry\n[2026-02-04T06:45:59.629Z] ERROR: Failed to update customize setting\n[2026-02-04T06:45:59.629Z] WARN: An error occurred, retry\n[2026-02-04T06:46:04.754Z] ERROR: Failed to update customize setting\n[2026-02-04T06:46:04.754Z] WARN: An error occurred, retry\n[2026-02-04T06:46:13.975Z] ERROR: Failed to update customize setting\n[2026-02-04T06:46:13.975Z] WARN: An error occurred, retry\n[2026-02-04T06:46:13.975Z] ERROR: [403] [CB_NO02] No privilege to proceed. (ctbQaoigz3Jum8M2uNKl)\n\n    + expected - actual\n\n    -1\n    +0\n\n    at OurWorld.<anonymous> (/home/runner/work/cli-kintone/cli-kintone/features/step_definitions/record/common.ts:224:10)","flaky":false,"newFailed":false,"newBroken":false,"newPassed":false,"retriesCount":0,"retriesStatusChange":false,"beforeStages":[],"testStage":{"description":"","status":"failed","statusMessage":"AssertionError [ERR_ASSERTION]: [2026-02-04T06:45:53.177Z] WARN: [Experimental] This feature is under early development\n[2026-02-04T06:45:53.194Z] INFO: Start uploading customization files\n[2026-02-04T06:45:53.698Z] INFO: desktop/js/sample.js has been uploaded!\n[2026-02-04T06:45:53.698Z] INFO: JavaScript/CSS files have been uploaded!\n[2026-02-04T06:45:54.127Z] ERROR: Failed to update customize setting\n[2026-02-04T06:45:54.127Z] WARN: An error occurred, retry\n[2026-02-04T06:45:56.297Z] ERROR: Failed to update customize setting\n[2026-02-04T06:45:56.297Z] WARN: An error occurred, retry\n[2026-02-04T06:45:59.629Z] ERROR: Failed to update customize setting\n[2026-02-04T06:45:59.629Z] WARN: An error occurred, retry\n[2026-02-04T06:46:04.754Z] ERROR: Failed to update customize setting\n[2026-02-04T06:46:04.754Z] WARN: An error occurred, retry\n[2026-02-04T06:46:13.975Z] ERROR: Failed to update customize setting\n[2026-02-04T06:46:13.975Z] WARN: An error occurred, retry\n[2026-02-04T06:46:13.975Z] ERROR: [403] [CB_NO02] No privilege to proceed. (ctbQaoigz3Jum8M2uNKl)\n\n    + expected - actual\n\n    -1\n    +0\n\n    at OurWorld.<anonymous> (/home/runner/work/cli-kintone/cli-kintone/features/step_definitions/record/common.ts:224:10)","steps":[{"name":"Given An asset with key \"customize_manifest\" is available as \"manifest\"","time":{"start":1770187552618,"stop":1770187552740,"duration":122},"status":"passed","steps":[],"attachments":[],"parameters":[],"stepsCount":0,"shouldDisplayMessage":false,"attachmentsCount":0,"hasContent":false,"attachmentStep":false},{"name":"And Load app ID of the app \"app_for_customize_apply\" as env var: \"APP_ID\"","time":{"start":1770187552740,"stop":1770187552744,"duration":4},"status":"passed","steps":[],"attachments":[],"parameters":[],"stepsCount":0,"shouldDisplayMessage":false,"attachmentsCount":0,"hasContent":false,"attachmentStep":false},{"name":"And Load username and password of user \"kintone_admin\" as env vars: \"USERNAME\" and \"PASSWORD\"","time":{"start":1770187552745,"stop":1770187552750,"duration":5},"status":"passed","steps":[],"attachments":[],"parameters":[],"stepsCount":0,"shouldDisplayMessage":false,"attachmentsCount":0,"hasContent":false,"attachmentStep":false},{"name":"When I run the command with args \"customize apply --base-url $$TEST_KINTONE_BASE_URL --app $APP_ID --input manifest/customize-manifest.json --username $USERNAME --password $PASSWORD --yes\"","time":{"start":1770187552750,"stop":1770187573984,"duration":21234},"status":"passed","steps":[],"attachments":[],"parameters":[],"stepsCount":0,"shouldDisplayMessage":false,"attachmentsCount":0,"hasContent":false,"attachmentStep":false},{"name":"Then I should get the exit code is zero","time":{"start":1770187573985,"stop":1770187573994,"duration":9},"status":"failed","statusMessage":"AssertionError [ERR_ASSERTION]: [2026-02-04T06:45:53.177Z] WARN: [Experimental] This feature is under early development\n[2026-02-04T06:45:53.194Z] INFO: Start uploading customization files\n[2026-02-04T06:45:53.698Z] INFO: desktop/js/sample.js has been uploaded!\n[2026-02-04T06:45:53.698Z] INFO: JavaScript/CSS files have been uploaded!\n[2026-02-04T06:45:54.127Z] ERROR: Failed to update customize setting\n[2026-02-04T06:45:54.127Z] WARN: An error occurred, retry\n[2026-02-04T06:45:56.297Z] ERROR: Failed to update customize setting\n[2026-02-04T06:45:56.297Z] WARN: An error occurred, retry\n[2026-02-04T06:45:59.629Z] ERROR: Failed to update customize setting\n[2026-02-04T06:45:59.629Z] WARN: An error occurred, retry\n[2026-02-04T06:46:04.754Z] ERROR: Failed to update customize setting\n[2026-02-04T06:46:04.754Z] WARN: An error occurred, retry\n[2026-02-04T06:46:13.975Z] ERROR: Failed to update customize setting\n[2026-02-04T06:46:13.975Z] WARN: An error occurred, retry\n[2026-02-04T06:46:13.975Z] ERROR: [403] [CB_NO02] No privilege to proceed. (ctbQaoigz3Jum8M2uNKl)\n\n    + expected - actual\n\n    -1\n    +0\n\n    at OurWorld.<anonymous> (/home/runner/work/cli-kintone/cli-kintone/features/step_definitions/record/common.ts:224:10)","steps":[],"attachments":[],"parameters":[],"stepsCount":0,"shouldDisplayMessage":true,"attachmentsCount":0,"hasContent":true,"attachmentStep":false}],"attachments":[],"parameters":[],"stepsCount":5,"shouldDisplayMessage":false,"attachmentsCount":0,"hasContent":true,"attachmentStep":false},"afterStages":[],"labels":[{"name":"host","value":"runnervmkj6or"},{"name":"language","value":"javascript"},{"name":"framework","value":"cucumberjs"},{"name":"thread","value":"3"},{"name":"feature","value":"customize apply"},{"name":"suite","value":"Skip confirmation by --yes"},{"name":"tag","value":"@isolated"},{"name":"tag","value":"@customize-apply"},{"name":"tag","value":"@serial(app_for_customize_apply)"},{"name":"resultFormat","value":"allure2"}],"parameters":[],"links":[],"hidden":false,"retry":false,"extra":{"severity":"normal","retries":[],"categories":[{"name":"Product defects","matchedStatuses":[],"flaky":false}],"tags":["@customize-apply","@serial(app_for_customize_apply)","@isolated"]},"source":"1ea4af868f5dcdff.json","parameterValues":[]}