{"uid":"380187f0d8907e24","name":"Skip confirmation by --yes when file exists","fullName":"features/customize/export.feature#Skip confirmation by --yes when file exists","historyId":"c7777e5399f77c03f1d9663ef7b71d9d:d41d8cd98f00b204e9800998ecf8427e","time":{"start":1770187553318,"stop":1770187573232,"duration":19914},"description":"","status":"failed","statusMessage":"AssertionError [ERR_ASSERTION]: [2026-02-04T06:45:53.605Z] WARN: [Experimental] This feature is under early development\n[2026-02-04T06:45:54.147Z] WARN: An error occurred, retry\n[2026-02-04T06:45:55.666Z] WARN: An error occurred, retry\n[2026-02-04T06:45:58.938Z] WARN: An error occurred, retry\n[2026-02-04T06:46:03.985Z] WARN: An error occurred, retry\n[2026-02-04T06:46:13.218Z] WARN: An error occurred, retry\n[2026-02-04T06:46:13.218Z] ERROR: [403] [CB_NO02] No privilege to proceed. (sjHwN9DMxMeRzjCEQkAl)\n\n    + expected - actual\n\n    -1\n    +0\n\n    at OurWorld.<anonymous> (/home/runner/work/cli-kintone/cli-kintone/features/step_definitions/record/common.ts:224:10)","flaky":false,"newFailed":false,"newBroken":false,"newPassed":false,"retriesCount":0,"retriesStatusChange":false,"beforeStages":[],"testStage":{"description":"","status":"failed","statusMessage":"AssertionError [ERR_ASSERTION]: [2026-02-04T06:45:53.605Z] WARN: [Experimental] This feature is under early development\n[2026-02-04T06:45:54.147Z] WARN: An error occurred, retry\n[2026-02-04T06:45:55.666Z] WARN: An error occurred, retry\n[2026-02-04T06:45:58.938Z] WARN: An error occurred, retry\n[2026-02-04T06:46:03.985Z] WARN: An error occurred, retry\n[2026-02-04T06:46:13.218Z] WARN: An error occurred, retry\n[2026-02-04T06:46:13.218Z] ERROR: [403] [CB_NO02] No privilege to proceed. (sjHwN9DMxMeRzjCEQkAl)\n\n    + expected - actual\n\n    -1\n    +0\n\n    at OurWorld.<anonymous> (/home/runner/work/cli-kintone/cli-kintone/features/step_definitions/record/common.ts:224:10)","steps":[{"name":"Given I have an empty file at \"customize-manifest.json\"","time":{"start":1770187553318,"stop":1770187553324,"duration":6},"status":"passed","steps":[],"attachments":[],"parameters":[],"stepsCount":0,"shouldDisplayMessage":false,"attachmentsCount":0,"hasContent":false,"attachmentStep":false},{"name":"And Load app ID of the app \"app_for_customize_export\" as env var: \"APP_ID\"","time":{"start":1770187553324,"stop":1770187553328,"duration":4},"status":"passed","steps":[],"attachments":[],"parameters":[],"stepsCount":0,"shouldDisplayMessage":false,"attachmentsCount":0,"hasContent":false,"attachmentStep":false},{"name":"And Load username and password of user \"kintone_admin\" as env vars: \"USERNAME\" and \"PASSWORD\"","time":{"start":1770187553335,"stop":1770187553338,"duration":3},"status":"passed","steps":[],"attachments":[],"parameters":[],"stepsCount":0,"shouldDisplayMessage":false,"attachmentsCount":0,"hasContent":false,"attachmentStep":false},{"name":"When I run the command with args \"customize export --base-url $$TEST_KINTONE_BASE_URL --app $APP_ID --username $USERNAME --password $PASSWORD --yes\"","time":{"start":1770187553338,"stop":1770187573226,"duration":19888},"status":"passed","steps":[],"attachments":[],"parameters":[],"stepsCount":0,"shouldDisplayMessage":false,"attachmentsCount":0,"hasContent":false,"attachmentStep":false},{"name":"Then I should get the exit code is zero","time":{"start":1770187573226,"stop":1770187573231,"duration":5},"status":"failed","statusMessage":"AssertionError [ERR_ASSERTION]: [2026-02-04T06:45:53.605Z] WARN: [Experimental] This feature is under early development\n[2026-02-04T06:45:54.147Z] WARN: An error occurred, retry\n[2026-02-04T06:45:55.666Z] WARN: An error occurred, retry\n[2026-02-04T06:45:58.938Z] WARN: An error occurred, retry\n[2026-02-04T06:46:03.985Z] WARN: An error occurred, retry\n[2026-02-04T06:46:13.218Z] WARN: An error occurred, retry\n[2026-02-04T06:46:13.218Z] ERROR: [403] [CB_NO02] No privilege to proceed. (sjHwN9DMxMeRzjCEQkAl)\n\n    + expected - actual\n\n    -1\n    +0\n\n    at OurWorld.<anonymous> (/home/runner/work/cli-kintone/cli-kintone/features/step_definitions/record/common.ts:224:10)","steps":[],"attachments":[],"parameters":[],"stepsCount":0,"shouldDisplayMessage":true,"attachmentsCount":0,"hasContent":true,"attachmentStep":false},{"name":"And The file \"customize-manifest.json\" should exist","time":{"start":1770187573232,"stop":1770187573232,"duration":0},"status":"skipped","steps":[],"attachments":[],"parameters":[],"stepsCount":0,"shouldDisplayMessage":false,"attachmentsCount":0,"hasContent":false,"attachmentStep":false},{"name":"And The customize-manifest at \"customize-manifest.json\" should be a valid template","time":{"start":1770187573232,"stop":1770187573232,"duration":0},"status":"skipped","steps":[],"attachments":[],"parameters":[],"stepsCount":0,"shouldDisplayMessage":false,"attachmentsCount":0,"hasContent":false,"attachmentStep":false}],"attachments":[],"parameters":[],"stepsCount":7,"shouldDisplayMessage":false,"attachmentsCount":0,"hasContent":true,"attachmentStep":false},"afterStages":[],"labels":[{"name":"host","value":"runnervmkj6or"},{"name":"language","value":"javascript"},{"name":"framework","value":"cucumberjs"},{"name":"thread","value":"8"},{"name":"feature","value":"customize export"},{"name":"suite","value":"Skip confirmation by --yes when file exists"},{"name":"tag","value":"@isolated"},{"name":"tag","value":"@customize-export"},{"name":"tag","value":"@serial(app_for_customize_export)"},{"name":"resultFormat","value":"allure2"}],"parameters":[],"links":[],"hidden":false,"retry":false,"extra":{"severity":"normal","retries":[],"categories":[{"name":"Product defects","matchedStatuses":[],"flaky":false}],"tags":["@isolated","@serial(app_for_customize_export)","@customize-export"]},"source":"380187f0d8907e24.json","parameterValues":[]}