{"uid":"2859f247df81a8b0","name":"CliKintoneTest-18 Should return the error message when authorization information is incomplete (password)","fullName":"features/common.feature#CliKintoneTest-18 Should return the error message when authorization information is incomplete (password)","historyId":"599a254ed16f60b432ecb871012327a9:d41d8cd98f00b204e9800998ecf8427e","time":{"start":1729560079563,"stop":1729560080081,"duration":518},"description":"","status":"failed","statusMessage":"AssertionError [ERR_ASSERTION]: The input did not match the regular expression /\\[520\\] \\[CB_WA01\\] Password authentication failed./. Input:\n\n'[2024-10-22T01:21:20.075Z] ERROR: [401] [CB_WA01] Password authentication failed. The value in http header of X-Cybozu-Authorization is not valid. (bhxJ26y65rOnwBd7qbt9)\\n'\n\n    at OurWorld.<anonymous> (/home/runner/work/cli-kintone/cli-kintone/features/step_definitions/common.ts:230:12)","flaky":true,"newFailed":false,"newBroken":false,"newPassed":false,"retriesCount":0,"retriesStatusChange":false,"beforeStages":[],"testStage":{"description":"","status":"failed","statusMessage":"AssertionError [ERR_ASSERTION]: The input did not match the regular expression /\\[520\\] \\[CB_WA01\\] Password authentication failed./. Input:\n\n'[2024-10-22T01:21:20.075Z] ERROR: [401] [CB_WA01] Password authentication failed. The value in http header of X-Cybozu-Authorization is not valid. (bhxJ26y65rOnwBd7qbt9)\\n'\n\n    at OurWorld.<anonymous> (/home/runner/work/cli-kintone/cli-kintone/features/step_definitions/common.ts:230:12)","steps":[{"name":"Given Load username and password of user \"user_for_common\" as env vars: \"USERNAME\" and \"PASSWORD\"","time":{"start":1729560079563,"stop":1729560079563,"duration":0},"status":"passed","steps":[],"attachments":[],"parameters":[],"shouldDisplayMessage":false,"stepsCount":0,"attachmentsCount":0,"hasContent":false,"attachmentStep":false},{"name":"When I run the command with args \"record export --base-url $$TEST_KINTONE_BASE_URL --app 1 --username $USERNAME\"","time":{"start":1729560079563,"stop":1729560080080,"duration":517},"status":"passed","steps":[],"attachments":[],"parameters":[],"shouldDisplayMessage":false,"stepsCount":0,"attachmentsCount":0,"hasContent":false,"attachmentStep":false},{"name":"Then I should get the exit code is non-zero","time":{"start":1729560080080,"stop":1729560080080,"duration":0},"status":"passed","steps":[],"attachments":[],"parameters":[],"shouldDisplayMessage":false,"stepsCount":0,"attachmentsCount":0,"hasContent":false,"attachmentStep":false},{"name":"And The output error message should match with the pattern: \"\\[520\\] \\[CB_WA01\\] Password authentication failed.\"","time":{"start":1729560080080,"stop":1729560080081,"duration":1},"status":"failed","statusMessage":"AssertionError [ERR_ASSERTION]: The input did not match the regular expression /\\[520\\] \\[CB_WA01\\] Password authentication failed./. Input:\n\n'[2024-10-22T01:21:20.075Z] ERROR: [401] [CB_WA01] Password authentication failed. The value in http header of X-Cybozu-Authorization is not valid. (bhxJ26y65rOnwBd7qbt9)\\n'\n\n    at OurWorld.<anonymous> (/home/runner/work/cli-kintone/cli-kintone/features/step_definitions/common.ts:230:12)","steps":[],"attachments":[],"parameters":[],"shouldDisplayMessage":true,"stepsCount":0,"attachmentsCount":0,"hasContent":true,"attachmentStep":false}],"attachments":[],"parameters":[],"shouldDisplayMessage":false,"stepsCount":4,"attachmentsCount":0,"hasContent":true,"attachmentStep":false},"afterStages":[],"labels":[{"name":"host","value":"fv-az568-35"},{"name":"language","value":"javascript"},{"name":"framework","value":"cucumberjs"},{"name":"thread","value":"2065"},{"name":"feature","value":"cli-kintone common test cases"},{"name":"suite","value":"CliKintoneTest-18 Should return the error message when authorization information is incomplete (password)"},{"name":"resultFormat","value":"allure2"}],"parameters":[],"links":[],"hidden":false,"retry":false,"extra":{"severity":"normal","retries":[],"categories":[{"name":"Product defects","matchedStatuses":[],"flaky":false}],"history":{"statistic":{"failed":16,"broken":0,"skipped":0,"passed":362,"unknown":0,"total":378},"items":[{"uid":"2b212813aee21d82","reportUrl":"https://kintone.github.io/cli-kintone/6178//#testresult/2b212813aee21d82","status":"failed","statusDetails":"AssertionError [ERR_ASSERTION]: The input did not match the regular expression /\\[520\\] \\[CB_WA01\\] Password authentication failed./. Input:\n\n'[2024-10-22T01:16:51.213Z] ERROR: [401] [CB_WA01] Password authentication failed. The value in http header of X-Cybozu-Authorization is not valid. (TMhJkSK4tW8LdG5mbhxf)\\n'\n\n    at OurWorld.<anonymous> (/home/runner/work/cli-kintone/cli-kintone/features/step_definitions/common.ts:230:12)","time":{"start":1729559810574,"stop":1729559811220,"duration":646}},{"uid":"a5a119bb830f78cd","reportUrl":"https://kintone.github.io/cli-kintone/6175//#testresult/a5a119bb830f78cd","status":"passed","time":{"start":1729499973782,"stop":1729499974429,"duration":647}},{"uid":"77fcdee39f5e3091","reportUrl":"https://kintone.github.io/cli-kintone/6174//#testresult/77fcdee39f5e3091","status":"passed","time":{"start":1729497570268,"stop":1729497570923,"duration":655}},{"uid":"7bdfbb994cafe863","reportUrl":"https://kintone.github.io/cli-kintone/6166//#testresult/7bdfbb994cafe863","status":"failed","statusDetails":"AssertionError [ERR_ASSERTION]: The input did not match the regular expression /\\[520\\] \\[CB_WA01\\] Password authentication failed./. Input:\n\n'[2024-10-19T16:26:35.695Z] ERROR: [401] [CB_WA01] Password authentication failed. The value in http header of X-Cybozu-Authorization is not valid. (JzmfBELlhUFxrAyCoUDL)\\n'\n\n    at OurWorld.<anonymous> (/home/runner/work/cli-kintone/cli-kintone/features/step_definitions/common.ts:230:12)","time":{"start":1729355195192,"stop":1729355195701,"duration":509}},{"uid":"cef9d458c33dba33","reportUrl":"https://kintone.github.io/cli-kintone/6165//#testresult/cef9d458c33dba33","status":"failed","statusDetails":"AssertionError [ERR_ASSERTION]: The input did not match the regular expression /\\[520\\] \\[CB_WA01\\] Password authentication failed./. Input:\n\n'[2024-10-19T16:22:45.282Z] ERROR: [401] [CB_WA01] Password authentication failed. The value in http header of X-Cybozu-Authorization is not valid. (FajdujGR2931BztnPhgT)\\n'\n\n    at OurWorld.<anonymous> (/home/runner/work/cli-kintone/cli-kintone/features/step_definitions/common.ts:230:12)","time":{"start":1729354964791,"stop":1729354965288,"duration":497}},{"uid":"7613634dcae08111","reportUrl":"https://kintone.github.io/cli-kintone/6160//#testresult/7613634dcae08111","status":"failed","statusDetails":"AssertionError [ERR_ASSERTION]: The input did not match the regular expression /\\[520\\] \\[CB_WA01\\] Password authentication failed./. Input:\n\n'[2024-10-18T17:39:22.170Z] ERROR: [401] [CB_WA01] Password authentication failed. The value in http header of X-Cybozu-Authorization is not valid. (p5WAV3Wu8ba7Zf9vUTN1)\\n'\n\n    at OurWorld.<anonymous> (/home/runner/work/cli-kintone/cli-kintone/features/step_definitions/common.ts:230:12)","time":{"start":1729273161678,"stop":1729273162177,"duration":499}},{"uid":"2d30bfdac71ef9ca","reportUrl":"https://kintone.github.io/cli-kintone/6159//#testresult/2d30bfdac71ef9ca","status":"failed","statusDetails":"AssertionError [ERR_ASSERTION]: The input did not match the regular expression /\\[520\\] \\[CB_WA01\\] Password authentication failed./. Input:\n\n'[2024-10-18T17:07:39.073Z] ERROR: [401] [CB_WA01] Password authentication failed. The value in http header of X-Cybozu-Authorization is not valid. (oDEmAEoNkweM1ztV275H)\\n'\n\n    at OurWorld.<anonymous> (/home/runner/work/cli-kintone/cli-kintone/features/step_definitions/common.ts:230:12)","time":{"start":1729271258458,"stop":1729271259080,"duration":622}},{"uid":"f70ab62c67679e0c","reportUrl":"https://kintone.github.io/cli-kintone/6158//#testresult/f70ab62c67679e0c","status":"failed","statusDetails":"AssertionError [ERR_ASSERTION]: The input did not match the regular expression /\\[520\\] \\[CB_WA01\\] Password authentication failed./. Input:\n\n'[2024-10-18T17:02:11.268Z] ERROR: [401] [CB_WA01] Password authentication failed. The value in http header of X-Cybozu-Authorization is not valid. (6Tg19wY1HMOyupqVsueI)\\n'\n\n    at OurWorld.<anonymous> (/home/runner/work/cli-kintone/cli-kintone/features/step_definitions/common.ts:230:12)","time":{"start":1729270930655,"stop":1729270931274,"duration":619}},{"uid":"89fdaabf6fec4772","reportUrl":"https://kintone.github.io/cli-kintone/6151//#testresult/89fdaabf6fec4772","status":"failed","statusDetails":"AssertionError [ERR_ASSERTION]: The input did not match the regular expression /\\[520\\] \\[CB_WA01\\] Password authentication failed./. Input:\n\n'[2024-10-18T08:25:52.737Z] ERROR: [401] [CB_WA01] Password authentication failed. The value in http header of X-Cybozu-Authorization is not valid. (ektjaZRrYhG5J5TNhiva)\\n'\n\n    at OurWorld.<anonymous> (/home/runner/work/cli-kintone/cli-kintone/features/step_definitions/common.ts:230:12)","time":{"start":1729239952211,"stop":1729239952743,"duration":532}},{"uid":"fb38d4bc2d21fdf","reportUrl":"https://kintone.github.io/cli-kintone/6150//#testresult/fb38d4bc2d21fdf","status":"failed","statusDetails":"AssertionError [ERR_ASSERTION]: The input did not match the regular expression /\\[520\\] \\[CB_WA01\\] Password authentication failed./. Input:\n\n'[2024-10-18T08:21:42.850Z] ERROR: [401] [CB_WA01] Password authentication failed. The value in http header of X-Cybozu-Authorization is not valid. (QqIpRMxK6UDSHIDDkvO7)\\n'\n\n    at OurWorld.<anonymous> (/home/runner/work/cli-kintone/cli-kintone/features/step_definitions/common.ts:230:12)","time":{"start":1729239702337,"stop":1729239702857,"duration":520}},{"uid":"57e9c475e78d2a55","reportUrl":"https://kintone.github.io/cli-kintone/6149//#testresult/57e9c475e78d2a55","status":"failed","statusDetails":"AssertionError [ERR_ASSERTION]: The input did not match the regular expression /\\[520\\] \\[CB_WA01\\] Password authentication failed./. Input:\n\n'[2024-10-18T05:34:11.948Z] ERROR: [401] [CB_WA01] Password authentication failed. The value in http header of X-Cybozu-Authorization is not valid. (NlG62MyCIBQXIVzv4LDJ)\\n'\n\n    at OurWorld.<anonymous> (/home/runner/work/cli-kintone/cli-kintone/features/step_definitions/common.ts:230:12)","time":{"start":1729229651262,"stop":1729229651955,"duration":693}},{"uid":"9e19ef785e0e055c","reportUrl":"https://kintone.github.io/cli-kintone/6148//#testresult/9e19ef785e0e055c","status":"failed","statusDetails":"AssertionError [ERR_ASSERTION]: The input did not match the regular expression /\\[520\\] \\[CB_WA01\\] Password authentication failed./. Input:\n\n'[2024-10-18T05:19:49.814Z] ERROR: [401] [CB_WA01] Password authentication failed. The value in http header of X-Cybozu-Authorization is not valid. (cRdShqjpeShejtGvK3di)\\n'\n\n    at OurWorld.<anonymous> (/home/runner/work/cli-kintone/cli-kintone/features/step_definitions/common.ts:230:12)","time":{"start":1729228789207,"stop":1729228789821,"duration":614}},{"uid":"96674ac78b1eeebc","reportUrl":"https://kintone.github.io/cli-kintone/6143//#testresult/96674ac78b1eeebc","status":"failed","statusDetails":"AssertionError [ERR_ASSERTION]: The input did not match the regular expression /\\[520\\] \\[CB_WA01\\] Password authentication failed./. Input:\n\n'[2024-10-17T23:22:40.774Z] ERROR: [401] [CB_WA01] Password authentication failed. The value in http header of X-Cybozu-Authorization is not valid. (bnuiCJvbYEE7dk3W4VCg)\\n'\n\n    at OurWorld.<anonymous> (/home/runner/work/cli-kintone/cli-kintone/features/step_definitions/common.ts:230:12)","time":{"start":1729207360267,"stop":1729207360780,"duration":513}},{"uid":"da5f1e83fc32ba0e","reportUrl":"https://kintone.github.io/cli-kintone/6136//#testresult/da5f1e83fc32ba0e","status":"failed","statusDetails":"AssertionError [ERR_ASSERTION]: The input did not match the regular expression /\\[520\\] \\[CB_WA01\\] Password authentication failed./. Input:\n\n'[2024-10-17T23:16:34.489Z] ERROR: [401] [CB_WA01] Password authentication failed. The value in http header of X-Cybozu-Authorization is not valid. (vOVciOwmCsgw5b2E399x)\\n'\n\n    at OurWorld.<anonymous> (/home/runner/work/cli-kintone/cli-kintone/features/step_definitions/common.ts:230:12)","time":{"start":1729206993802,"stop":1729206994495,"duration":693}},{"uid":"c0c4fa0e3bb3b243","reportUrl":"https://kintone.github.io/cli-kintone/6123//#testresult/c0c4fa0e3bb3b243","status":"failed","statusDetails":"AssertionError [ERR_ASSERTION]: The input did not match the regular expression /\\[520\\] \\[CB_WA01\\] Password authentication failed./. Input:\n\n'[2024-10-17T23:10:38.766Z] ERROR: [401] [CB_WA01] Password authentication failed. The value in http header of X-Cybozu-Authorization is not valid. (CUYT7UodObFUIwCmc9i8)\\n'\n\n    at OurWorld.<anonymous> (/home/runner/work/cli-kintone/cli-kintone/features/step_definitions/common.ts:230:12)","time":{"start":1729206638071,"stop":1729206638772,"duration":701}},{"uid":"8c58801ab798b87d","reportUrl":"https://kintone.github.io/cli-kintone/6110//#testresult/8c58801ab798b87d","status":"failed","statusDetails":"AssertionError [ERR_ASSERTION]: The input did not match the regular expression /\\[520\\] \\[CB_WA01\\] Password authentication failed./. Input:\n\n'[2024-10-17T02:33:19.843Z] ERROR: [401] [CB_WA01] Password authentication failed. The value in http header of X-Cybozu-Authorization is not valid. (zP9MNGuWPytSfPwgpIKJ)\\n'\n\n    at OurWorld.<anonymous> (/home/runner/work/cli-kintone/cli-kintone/features/step_definitions/common.ts:230:12)","time":{"start":1729132399120,"stop":1729132399850,"duration":730}},{"uid":"7ff9dcc0bb52cb32","reportUrl":"https://kintone.github.io/cli-kintone/6110//#testresult/7ff9dcc0bb52cb32","status":"failed","statusDetails":"AssertionError [ERR_ASSERTION]: The input did not match the regular expression /\\[520\\] \\[CB_WA01\\] Password authentication failed./. Input:\n\n'[2024-10-17T00:21:25.509Z] ERROR: [401] [CB_WA01] Password authentication failed. The value in http header of X-Cybozu-Authorization is not valid. (gmKzXwZTnhEu8W47QByw)\\n'\n\n    at OurWorld.<anonymous> (/home/runner/work/cli-kintone/cli-kintone/features/step_definitions/common.ts:230:12)","time":{"start":1729124484829,"stop":1729124485516,"duration":687}},{"uid":"4c62da8c49c2314a","reportUrl":"https://kintone.github.io/cli-kintone/6099//#testresult/4c62da8c49c2314a","status":"passed","time":{"start":1728584270330,"stop":1728584271019,"duration":689}},{"uid":"2231bf60e66582df","reportUrl":"https://kintone.github.io/cli-kintone/6094//#testresult/2231bf60e66582df","status":"passed","time":{"start":1728583269554,"stop":1728583270374,"duration":820}},{"uid":"ee22f3840270bf32","reportUrl":"https://kintone.github.io/cli-kintone/6093//#testresult/ee22f3840270bf32","status":"passed","time":{"start":1728583040381,"stop":1728583040905,"duration":524}}]},"tags":[]},"source":"2859f247df81a8b0.json","parameterValues":[]}