{"uid":"b61338aa0cca6bf5","name":"CliKintoneTest-19 Should return the error message when incorrect authorization information (password)","fullName":"features/common.feature#CliKintoneTest-19 Should return the error message when incorrect authorization information (password)","historyId":"f6580e80ecf8a9db78b95f10509c1c7f:d41d8cd98f00b204e9800998ecf8427e","time":{"start":1729576037006,"stop":1729576037656,"duration":650},"description":"","status":"passed","flaky":false,"newFailed":false,"newBroken":false,"newPassed":false,"retriesCount":0,"retriesStatusChange":false,"beforeStages":[],"testStage":{"description":"","status":"passed","steps":[{"name":"Given Load username and password of user \"user_for_common\" as env vars: \"USERNAME\" and \"PASSWORD\"","time":{"start":1729576037006,"stop":1729576037006,"duration":0},"status":"passed","steps":[],"attachments":[],"parameters":[],"shouldDisplayMessage":false,"stepsCount":0,"attachmentsCount":0,"hasContent":false,"attachmentStep":false},{"name":"When I run the command with args \"record export --base-url $$TEST_KINTONE_BASE_URL --app 1 --username $USERNAME --password abc\"","time":{"start":1729576037006,"stop":1729576037656,"duration":650},"status":"passed","steps":[],"attachments":[],"parameters":[],"shouldDisplayMessage":false,"stepsCount":0,"attachmentsCount":0,"hasContent":false,"attachmentStep":false},{"name":"Then I should get the exit code is non-zero","time":{"start":1729576037656,"stop":1729576037656,"duration":0},"status":"passed","steps":[],"attachments":[],"parameters":[],"shouldDisplayMessage":false,"stepsCount":0,"attachmentsCount":0,"hasContent":false,"attachmentStep":false},{"name":"And The output error message should match with the pattern: \"\\[401\\] \\[CB_WA01\\] Password authentication failed.\"","time":{"start":1729576037656,"stop":1729576037656,"duration":0},"status":"passed","steps":[],"attachments":[],"parameters":[],"shouldDisplayMessage":false,"stepsCount":0,"attachmentsCount":0,"hasContent":false,"attachmentStep":false}],"attachments":[],"parameters":[],"shouldDisplayMessage":false,"stepsCount":4,"attachmentsCount":0,"hasContent":true,"attachmentStep":false},"afterStages":[],"labels":[{"name":"host","value":"fv-az973-202"},{"name":"language","value":"javascript"},{"name":"framework","value":"cucumberjs"},{"name":"thread","value":"2075"},{"name":"feature","value":"cli-kintone common test cases"},{"name":"suite","value":"CliKintoneTest-19 Should return the error message when incorrect authorization information (password)"},{"name":"resultFormat","value":"allure2"}],"parameters":[],"links":[],"hidden":false,"retry":false,"extra":{"severity":"normal","retries":[],"categories":[],"history":{"statistic":{"failed":16,"broken":0,"skipped":0,"passed":364,"unknown":0,"total":380},"items":[{"uid":"c20180144ae6a9ec","reportUrl":"https://kintone.github.io/cli-kintone/6180//#testresult/c20180144ae6a9ec","status":"passed","time":{"start":1729562622612,"stop":1729562623313,"duration":701}},{"uid":"96bc414e2ee643e7","reportUrl":"https://kintone.github.io/cli-kintone/6179//#testresult/96bc414e2ee643e7","status":"failed","statusDetails":"AssertionError [ERR_ASSERTION]: The input did not match the regular expression /\\[520\\] \\[CB_WA01\\] Password authentication failed./. Input:\n\n'[2024-10-22T01:21:20.590Z] ERROR: [401] [CB_WA01] Password authentication failed. The value in http header of X-Cybozu-Authorization is not valid. (NeJI5Ekcu4SjnJBNpRqI)\\n'\n\n    at OurWorld.<anonymous> (/home/runner/work/cli-kintone/cli-kintone/features/step_definitions/common.ts:230:12)","time":{"start":1729560080081,"stop":1729560080598,"duration":517}},{"uid":"f75c35e45f115e04","reportUrl":"https://kintone.github.io/cli-kintone/6178//#testresult/f75c35e45f115e04","status":"failed","statusDetails":"AssertionError [ERR_ASSERTION]: The input did not match the regular expression /\\[520\\] \\[CB_WA01\\] Password authentication failed./. Input:\n\n'[2024-10-22T01:16:51.876Z] ERROR: [401] [CB_WA01] Password authentication failed. The value in http header of X-Cybozu-Authorization is not valid. (n0iwyuSnsJF3hehykyFj)\\n'\n\n    at OurWorld.<anonymous> (/home/runner/work/cli-kintone/cli-kintone/features/step_definitions/common.ts:230:12)","time":{"start":1729559811220,"stop":1729559811883,"duration":663}},{"uid":"c6308b377cb4530b","reportUrl":"https://kintone.github.io/cli-kintone/6175//#testresult/c6308b377cb4530b","status":"passed","time":{"start":1729499974430,"stop":1729499975082,"duration":652}},{"uid":"208a7b773ce3aa01","reportUrl":"https://kintone.github.io/cli-kintone/6174//#testresult/208a7b773ce3aa01","status":"passed","time":{"start":1729497570923,"stop":1729497571618,"duration":695}},{"uid":"7c00fdb436ff1ee9","reportUrl":"https://kintone.github.io/cli-kintone/6166//#testresult/7c00fdb436ff1ee9","status":"failed","statusDetails":"AssertionError [ERR_ASSERTION]: The input did not match the regular expression /\\[520\\] \\[CB_WA01\\] Password authentication failed./. Input:\n\n'[2024-10-19T16:26:36.201Z] ERROR: [401] [CB_WA01] Password authentication failed. The value in http header of X-Cybozu-Authorization is not valid. (5bt4xCJ5I91T7FLh13QH)\\n'\n\n    at OurWorld.<anonymous> (/home/runner/work/cli-kintone/cli-kintone/features/step_definitions/common.ts:230:12)","time":{"start":1729355195701,"stop":1729355196210,"duration":509}},{"uid":"e6535af6f45fd72a","reportUrl":"https://kintone.github.io/cli-kintone/6165//#testresult/e6535af6f45fd72a","status":"failed","statusDetails":"AssertionError [ERR_ASSERTION]: The input did not match the regular expression /\\[520\\] \\[CB_WA01\\] Password authentication failed./. Input:\n\n'[2024-10-19T16:22:45.783Z] ERROR: [401] [CB_WA01] Password authentication failed. The value in http header of X-Cybozu-Authorization is not valid. (TGmNbw7LBr0Vpvcz1bWA)\\n'\n\n    at OurWorld.<anonymous> (/home/runner/work/cli-kintone/cli-kintone/features/step_definitions/common.ts:230:12)","time":{"start":1729354965288,"stop":1729354965790,"duration":502}},{"uid":"ccd5dd6836ceb19","reportUrl":"https://kintone.github.io/cli-kintone/6160//#testresult/ccd5dd6836ceb19","status":"failed","statusDetails":"AssertionError [ERR_ASSERTION]: The input did not match the regular expression /\\[520\\] \\[CB_WA01\\] Password authentication failed./. Input:\n\n'[2024-10-18T17:39:22.674Z] ERROR: [401] [CB_WA01] Password authentication failed. The value in http header of X-Cybozu-Authorization is not valid. (4JOmHoKzQT32UAFzzzek)\\n'\n\n    at OurWorld.<anonymous> (/home/runner/work/cli-kintone/cli-kintone/features/step_definitions/common.ts:230:12)","time":{"start":1729273162177,"stop":1729273162680,"duration":503}},{"uid":"4e492866242c514","reportUrl":"https://kintone.github.io/cli-kintone/6159//#testresult/4e492866242c514","status":"failed","statusDetails":"AssertionError [ERR_ASSERTION]: The input did not match the regular expression /\\[520\\] \\[CB_WA01\\] Password authentication failed./. Input:\n\n'[2024-10-18T17:07:39.697Z] ERROR: [401] [CB_WA01] Password authentication failed. The value in http header of X-Cybozu-Authorization is not valid. (vgo9CJgo2OinPn0cMLPI)\\n'\n\n    at OurWorld.<anonymous> (/home/runner/work/cli-kintone/cli-kintone/features/step_definitions/common.ts:230:12)","time":{"start":1729271259080,"stop":1729271259703,"duration":623}},{"uid":"591cd7b4aee3c4ef","reportUrl":"https://kintone.github.io/cli-kintone/6158//#testresult/591cd7b4aee3c4ef","status":"failed","statusDetails":"AssertionError [ERR_ASSERTION]: The input did not match the regular expression /\\[520\\] \\[CB_WA01\\] Password authentication failed./. Input:\n\n'[2024-10-18T17:02:11.888Z] ERROR: [401] [CB_WA01] Password authentication failed. The value in http header of X-Cybozu-Authorization is not valid. (8lr9fl4MQXBrYidO0Vu2)\\n'\n\n    at OurWorld.<anonymous> (/home/runner/work/cli-kintone/cli-kintone/features/step_definitions/common.ts:230:12)","time":{"start":1729270931274,"stop":1729270931907,"duration":633}},{"uid":"5512e47fe4279c6f","reportUrl":"https://kintone.github.io/cli-kintone/6151//#testresult/5512e47fe4279c6f","status":"failed","statusDetails":"AssertionError [ERR_ASSERTION]: The input did not match the regular expression /\\[520\\] \\[CB_WA01\\] Password authentication failed./. Input:\n\n'[2024-10-18T08:25:53.258Z] ERROR: [401] [CB_WA01] Password authentication failed. The value in http header of X-Cybozu-Authorization is not valid. (Gb8TGw4jgsdL0SpOd7gd)\\n'\n\n    at OurWorld.<anonymous> (/home/runner/work/cli-kintone/cli-kintone/features/step_definitions/common.ts:230:12)","time":{"start":1729239952743,"stop":1729239953264,"duration":521}},{"uid":"5dd04391b928dad2","reportUrl":"https://kintone.github.io/cli-kintone/6150//#testresult/5dd04391b928dad2","status":"failed","statusDetails":"AssertionError [ERR_ASSERTION]: The input did not match the regular expression /\\[520\\] \\[CB_WA01\\] Password authentication failed./. Input:\n\n'[2024-10-18T08:21:43.360Z] ERROR: [401] [CB_WA01] Password authentication failed. The value in http header of X-Cybozu-Authorization is not valid. (ArhED93ODepcAjrQgVrG)\\n'\n\n    at OurWorld.<anonymous> (/home/runner/work/cli-kintone/cli-kintone/features/step_definitions/common.ts:230:12)","time":{"start":1729239702857,"stop":1729239703367,"duration":510}},{"uid":"669624bdda59c7fd","reportUrl":"https://kintone.github.io/cli-kintone/6149//#testresult/669624bdda59c7fd","status":"failed","statusDetails":"AssertionError [ERR_ASSERTION]: The input did not match the regular expression /\\[520\\] \\[CB_WA01\\] Password authentication failed./. Input:\n\n'[2024-10-18T05:34:12.613Z] ERROR: [401] [CB_WA01] Password authentication failed. The value in http header of X-Cybozu-Authorization is not valid. (V9TB1Xfkjcwjh0mYb84r)\\n'\n\n    at OurWorld.<anonymous> (/home/runner/work/cli-kintone/cli-kintone/features/step_definitions/common.ts:230:12)","time":{"start":1729229651955,"stop":1729229652619,"duration":664}},{"uid":"49715f558afe9044","reportUrl":"https://kintone.github.io/cli-kintone/6148//#testresult/49715f558afe9044","status":"failed","statusDetails":"AssertionError [ERR_ASSERTION]: The input did not match the regular expression /\\[520\\] \\[CB_WA01\\] Password authentication failed./. Input:\n\n'[2024-10-18T05:19:50.449Z] ERROR: [401] [CB_WA01] Password authentication failed. The value in http header of X-Cybozu-Authorization is not valid. (TkiUj8T0zTbVjxXTUiby)\\n'\n\n    at OurWorld.<anonymous> (/home/runner/work/cli-kintone/cli-kintone/features/step_definitions/common.ts:230:12)","time":{"start":1729228789821,"stop":1729228790455,"duration":634}},{"uid":"a050dae10fe8aec7","reportUrl":"https://kintone.github.io/cli-kintone/6143//#testresult/a050dae10fe8aec7","status":"failed","statusDetails":"AssertionError [ERR_ASSERTION]: The input did not match the regular expression /\\[520\\] \\[CB_WA01\\] Password authentication failed./. Input:\n\n'[2024-10-17T23:22:41.284Z] ERROR: [401] [CB_WA01] Password authentication failed. The value in http header of X-Cybozu-Authorization is not valid. (ndyVx6IhuB5oYAdVq21o)\\n'\n\n    at OurWorld.<anonymous> (/home/runner/work/cli-kintone/cli-kintone/features/step_definitions/common.ts:230:12)","time":{"start":1729207360780,"stop":1729207361291,"duration":511}},{"uid":"8c104088118e0f7","reportUrl":"https://kintone.github.io/cli-kintone/6136//#testresult/8c104088118e0f7","status":"failed","statusDetails":"AssertionError [ERR_ASSERTION]: The input did not match the regular expression /\\[520\\] \\[CB_WA01\\] Password authentication failed./. Input:\n\n'[2024-10-17T23:16:35.164Z] ERROR: [401] [CB_WA01] Password authentication failed. The value in http header of X-Cybozu-Authorization is not valid. (A413mC03qRKZBAOV4j5r)\\n'\n\n    at OurWorld.<anonymous> (/home/runner/work/cli-kintone/cli-kintone/features/step_definitions/common.ts:230:12)","time":{"start":1729206994495,"stop":1729206995171,"duration":676}},{"uid":"f3537abbf32c4539","reportUrl":"https://kintone.github.io/cli-kintone/6123//#testresult/f3537abbf32c4539","status":"failed","statusDetails":"AssertionError [ERR_ASSERTION]: The input did not match the regular expression /\\[520\\] \\[CB_WA01\\] Password authentication failed./. Input:\n\n'[2024-10-17T23:10:39.466Z] ERROR: [401] [CB_WA01] Password authentication failed. The value in http header of X-Cybozu-Authorization is not valid. (801Dvfyy7XYQPCZQp9hd)\\n'\n\n    at OurWorld.<anonymous> (/home/runner/work/cli-kintone/cli-kintone/features/step_definitions/common.ts:230:12)","time":{"start":1729206638773,"stop":1729206639472,"duration":699}},{"uid":"420d8318dc233038","reportUrl":"https://kintone.github.io/cli-kintone/6110//#testresult/420d8318dc233038","status":"failed","statusDetails":"AssertionError [ERR_ASSERTION]: The input did not match the regular expression /\\[520\\] \\[CB_WA01\\] Password authentication failed./. Input:\n\n'[2024-10-17T02:33:20.523Z] ERROR: [401] [CB_WA01] Password authentication failed. The value in http header of X-Cybozu-Authorization is not valid. (OG3xuD4bgDJSga3nF9Ut)\\n'\n\n    at OurWorld.<anonymous> (/home/runner/work/cli-kintone/cli-kintone/features/step_definitions/common.ts:230:12)","time":{"start":1729132399850,"stop":1729132400529,"duration":679}},{"uid":"2a738e3e0cc6422f","reportUrl":"https://kintone.github.io/cli-kintone/6110//#testresult/2a738e3e0cc6422f","status":"failed","statusDetails":"AssertionError [ERR_ASSERTION]: The input did not match the regular expression /\\[520\\] \\[CB_WA01\\] Password authentication failed./. Input:\n\n'[2024-10-17T00:21:26.227Z] ERROR: [401] [CB_WA01] Password authentication failed. The value in http header of X-Cybozu-Authorization is not valid. (zYjFKtFAHgfi5UilGD4F)\\n'\n\n    at OurWorld.<anonymous> (/home/runner/work/cli-kintone/cli-kintone/features/step_definitions/common.ts:230:12)","time":{"start":1729124485516,"stop":1729124486234,"duration":718}},{"uid":"68fe89cd795ce349","reportUrl":"https://kintone.github.io/cli-kintone/6099//#testresult/68fe89cd795ce349","status":"passed","time":{"start":1728584271019,"stop":1728584271699,"duration":680}}]},"tags":[]},"source":"b61338aa0cca6bf5.json","parameterValues":[]}