{"uid":"51582d950e008a01","name":"Generate typescript template","fullName":"features/plugin/init.feature#Generate typescript template","historyId":"33d7a8d2b090bbfc39bb0b640327c911:d41d8cd98f00b204e9800998ecf8427e","time":{"start":1766066587986,"stop":1766066588627,"duration":641},"description":"","status":"failed","statusMessage":"AssertionError [ERR_ASSERTION]: [2025-12-18T14:03:08.455Z] WARN: [Experimental] This feature is under early development\n[2025-12-18T14:03:08.464Z] INFO:   \n[2025-12-18T14:03:08.464Z] INFO: Please answer some questions to create your Kintone plug-in project :)\n[2025-12-18T14:03:08.464Z] INFO: Let's start!\n[2025-12-18T14:03:08.464Z] INFO:     \n[2025-12-18T14:03:08.464Z] INFO:   \n[2025-12-18T14:03:08.548Z] ERROR: ExitPromptError: User force closed the prompt with 0 null\n\n    + expected - actual\n\n    -1\n    +0\n\n    at OurWorld.<anonymous> (/home/runner/work/cli-kintone/cli-kintone/features/step_definitions/record/common.ts:271:10)","flaky":false,"newFailed":false,"newBroken":false,"newPassed":false,"retriesCount":0,"retriesStatusChange":false,"beforeStages":[],"testStage":{"description":"","status":"failed","statusMessage":"AssertionError [ERR_ASSERTION]: [2025-12-18T14:03:08.455Z] WARN: [Experimental] This feature is under early development\n[2025-12-18T14:03:08.464Z] INFO:   \n[2025-12-18T14:03:08.464Z] INFO: Please answer some questions to create your Kintone plug-in project :)\n[2025-12-18T14:03:08.464Z] INFO: Let's start!\n[2025-12-18T14:03:08.464Z] INFO:     \n[2025-12-18T14:03:08.464Z] INFO:   \n[2025-12-18T14:03:08.548Z] ERROR: ExitPromptError: User force closed the prompt with 0 null\n\n    + expected - actual\n\n    -1\n    +0\n\n    at OurWorld.<anonymous> (/home/runner/work/cli-kintone/cli-kintone/features/step_definitions/record/common.ts:271:10)","steps":[{"name":"When I run the command with a prompt with args \"plugin init --template typescript\"","time":{"start":1766066587988,"stop":1766066588030,"duration":42},"status":"passed","steps":[],"attachments":[],"parameters":[],"stepsCount":0,"shouldDisplayMessage":false,"attachmentsCount":0,"hasContent":false,"attachmentStep":false},{"name":"And I type \"\\n\\n\\n\\nn\\nn\\nn\\n\"","time":{"start":1766066588030,"stop":1766066588035,"duration":5},"status":"passed","steps":[],"attachments":[],"parameters":[],"stepsCount":0,"shouldDisplayMessage":false,"attachmentsCount":0,"hasContent":false,"attachmentStep":false},{"name":"And I close stdin and wait","time":{"start":1766066588035,"stop":1766066588567,"duration":532},"status":"passed","steps":[],"attachments":[],"parameters":[],"stepsCount":0,"shouldDisplayMessage":false,"attachmentsCount":0,"hasContent":false,"attachmentStep":false},{"name":"Then I should get the exit code is zero","time":{"start":1766066588568,"stop":1766066588627,"duration":59},"status":"failed","statusMessage":"AssertionError [ERR_ASSERTION]: [2025-12-18T14:03:08.455Z] WARN: [Experimental] This feature is under early development\n[2025-12-18T14:03:08.464Z] INFO:   \n[2025-12-18T14:03:08.464Z] INFO: Please answer some questions to create your Kintone plug-in project :)\n[2025-12-18T14:03:08.464Z] INFO: Let's start!\n[2025-12-18T14:03:08.464Z] INFO:     \n[2025-12-18T14:03:08.464Z] INFO:   \n[2025-12-18T14:03:08.548Z] ERROR: ExitPromptError: User force closed the prompt with 0 null\n\n    + expected - actual\n\n    -1\n    +0\n\n    at OurWorld.<anonymous> (/home/runner/work/cli-kintone/cli-kintone/features/step_definitions/record/common.ts:271:10)","steps":[],"attachments":[],"parameters":[],"stepsCount":0,"shouldDisplayMessage":true,"attachmentsCount":0,"hasContent":true,"attachmentStep":false},{"name":"And The output message should match with the pattern: \"Input your project name\"","time":{"start":1766066588627,"stop":1766066588627,"duration":0},"status":"skipped","steps":[],"attachments":[],"parameters":[],"stepsCount":0,"shouldDisplayMessage":false,"attachmentsCount":0,"hasContent":false,"attachmentStep":false},{"name":"And The output message should match with the pattern: \"Input your plug-in name in English\"","time":{"start":1766066588627,"stop":1766066588627,"duration":0},"status":"skipped","steps":[],"attachments":[],"parameters":[],"stepsCount":0,"shouldDisplayMessage":false,"attachmentsCount":0,"hasContent":false,"attachmentStep":false},{"name":"And I have a directory at \"kintone-plugin\"","time":{"start":1766066588627,"stop":1766066588627,"duration":0},"status":"skipped","steps":[],"attachments":[],"parameters":[],"stepsCount":0,"shouldDisplayMessage":false,"attachmentsCount":0,"hasContent":false,"attachmentStep":false}],"attachments":[],"parameters":[],"stepsCount":7,"shouldDisplayMessage":false,"attachmentsCount":0,"hasContent":true,"attachmentStep":false},"afterStages":[],"labels":[{"name":"host","value":"runnervmh13bl"},{"name":"language","value":"javascript"},{"name":"framework","value":"cucumberjs"},{"name":"thread","value":"4"},{"name":"feature","value":"plugin init"},{"name":"suite","value":"Generate typescript template"},{"name":"tag","value":"@isolated"},{"name":"tag","value":"@plugin-init"},{"name":"tag","value":"@skip"},{"name":"resultFormat","value":"allure2"}],"parameters":[],"links":[],"hidden":false,"retry":false,"extra":{"severity":"normal","retries":[],"categories":[{"name":"Product defects","matchedStatuses":[],"flaky":false}],"tags":["@isolated","@skip","@plugin-init"]},"source":"51582d950e008a01.json","parameterValues":[]}