{"uid":"df325e644961d8de","name":"Generate template (debug)","fullName":"features/plugin/init.feature#Generate template (debug)","historyId":"443281a300c2132adf9c2a5d632acadf:d41d8cd98f00b204e9800998ecf8427e","time":{"start":1766066587861,"stop":1766066589326,"duration":1465},"description":"","status":"failed","statusMessage":"AssertionError [ERR_ASSERTION]: [2025-12-18T14:03:08.110Z] WARN: [Experimental] This feature is under early development\n[2025-12-18T14:03:08.112Z] INFO:   \n[2025-12-18T14:03:08.112Z] INFO: Please answer some questions to create your Kintone plug-in project :)\n[2025-12-18T14:03:08.112Z] INFO: Let's start!\n[2025-12-18T14:03:08.112Z] INFO:     \n[2025-12-18T14:03:08.112Z] INFO:   \n[2025-12-18T14:03:09.284Z] ERROR: ExitPromptError: User force closed the prompt with 0 null\n\n    + expected - actual\n\n    -1\n    +0\n\n    at OurWorld.<anonymous> (/home/runner/work/cli-kintone/cli-kintone/features/step_definitions/record/common.ts:271:10)","flaky":false,"newFailed":false,"newBroken":false,"newPassed":false,"retriesCount":0,"retriesStatusChange":false,"beforeStages":[],"testStage":{"description":"","status":"failed","statusMessage":"AssertionError [ERR_ASSERTION]: [2025-12-18T14:03:08.110Z] WARN: [Experimental] This feature is under early development\n[2025-12-18T14:03:08.112Z] INFO:   \n[2025-12-18T14:03:08.112Z] INFO: Please answer some questions to create your Kintone plug-in project :)\n[2025-12-18T14:03:08.112Z] INFO: Let's start!\n[2025-12-18T14:03:08.112Z] INFO:     \n[2025-12-18T14:03:08.112Z] INFO:   \n[2025-12-18T14:03:09.284Z] ERROR: ExitPromptError: User force closed the prompt with 0 null\n\n    + expected - actual\n\n    -1\n    +0\n\n    at OurWorld.<anonymous> (/home/runner/work/cli-kintone/cli-kintone/features/step_definitions/record/common.ts:271:10)","steps":[{"name":"When I run the command with a prompt with args \"plugin init\"","time":{"start":1766066587862,"stop":1766066587871,"duration":9},"status":"passed","steps":[],"attachments":[],"parameters":[],"stepsCount":0,"shouldDisplayMessage":false,"attachmentsCount":0,"hasContent":false,"attachmentStep":false},{"name":"And I write inputs and wait without closing stdin \"\\n\\n\\n\\nn\\nn\\nn\\n\"","time":{"start":1766066587871,"stop":1766066589312,"duration":1441},"status":"passed","steps":[],"attachments":[],"parameters":[],"stepsCount":0,"shouldDisplayMessage":false,"attachmentsCount":0,"hasContent":false,"attachmentStep":false},{"name":"Then I should get the exit code is zero","time":{"start":1766066589312,"stop":1766066589325,"duration":13},"status":"failed","statusMessage":"AssertionError [ERR_ASSERTION]: [2025-12-18T14:03:08.110Z] WARN: [Experimental] This feature is under early development\n[2025-12-18T14:03:08.112Z] INFO:   \n[2025-12-18T14:03:08.112Z] INFO: Please answer some questions to create your Kintone plug-in project :)\n[2025-12-18T14:03:08.112Z] INFO: Let's start!\n[2025-12-18T14:03:08.112Z] INFO:     \n[2025-12-18T14:03:08.112Z] INFO:   \n[2025-12-18T14:03:09.284Z] ERROR: ExitPromptError: User force closed the prompt with 0 null\n\n    + expected - actual\n\n    -1\n    +0\n\n    at OurWorld.<anonymous> (/home/runner/work/cli-kintone/cli-kintone/features/step_definitions/record/common.ts:271:10)","steps":[],"attachments":[],"parameters":[],"stepsCount":0,"shouldDisplayMessage":true,"attachmentsCount":0,"hasContent":true,"attachmentStep":false},{"name":"And The output message should match with the pattern: \"Input your project name\"","time":{"start":1766066589325,"stop":1766066589326,"duration":1},"status":"skipped","steps":[],"attachments":[],"parameters":[],"stepsCount":0,"shouldDisplayMessage":false,"attachmentsCount":0,"hasContent":false,"attachmentStep":false},{"name":"And The output message should match with the pattern: \"Input your plug-in name in English\"","time":{"start":1766066589326,"stop":1766066589326,"duration":0},"status":"skipped","steps":[],"attachments":[],"parameters":[],"stepsCount":0,"shouldDisplayMessage":false,"attachmentsCount":0,"hasContent":false,"attachmentStep":false},{"name":"And I have a directory at \"kintone-plugin\"","time":{"start":1766066589326,"stop":1766066589326,"duration":0},"status":"skipped","steps":[],"attachments":[],"parameters":[],"stepsCount":0,"shouldDisplayMessage":false,"attachmentsCount":0,"hasContent":false,"attachmentStep":false}],"attachments":[],"parameters":[],"stepsCount":6,"shouldDisplayMessage":false,"attachmentsCount":0,"hasContent":true,"attachmentStep":false},"afterStages":[],"labels":[{"name":"host","value":"runnervmh13bl"},{"name":"language","value":"javascript"},{"name":"framework","value":"cucumberjs"},{"name":"thread","value":"0"},{"name":"feature","value":"plugin init"},{"name":"suite","value":"Generate template (debug)"},{"name":"tag","value":"@isolated"},{"name":"tag","value":"@plugin-init"},{"name":"resultFormat","value":"allure2"}],"parameters":[],"links":[],"hidden":false,"retry":false,"extra":{"severity":"normal","retries":[],"categories":[{"name":"Product defects","matchedStatuses":[],"flaky":false}],"tags":["@isolated","@plugin-init"]},"source":"df325e644961d8de.json","parameterValues":[]}