{"uid":"9440c81490dbc643","name":"CliKintoneTest-19 Should return the error message when incorrect authorization information (password)","fullName":"features/common.feature#CliKintoneTest-19 Should return the error message when incorrect authorization information (password)","historyId":"f6580e80ecf8a9db78b95f10509c1c7f:d41d8cd98f00b204e9800998ecf8427e","time":{"start":1729602823649,"stop":1729602824333,"duration":684},"description":"","status":"passed","flaky":false,"newFailed":false,"newBroken":false,"newPassed":false,"retriesCount":0,"retriesStatusChange":false,"beforeStages":[],"testStage":{"description":"","status":"passed","steps":[{"name":"Given Load username and password of user \"user_for_common\" as env vars: \"USERNAME\" and \"PASSWORD\"","time":{"start":1729602823649,"stop":1729602823649,"duration":0},"status":"passed","steps":[],"attachments":[],"parameters":[],"shouldDisplayMessage":false,"stepsCount":0,"attachmentsCount":0,"hasContent":false,"attachmentStep":false},{"name":"When I run the command with args \"record export --base-url $$TEST_KINTONE_BASE_URL --app 1 --username $USERNAME --password abc\"","time":{"start":1729602823649,"stop":1729602824332,"duration":683},"status":"passed","steps":[],"attachments":[],"parameters":[],"shouldDisplayMessage":false,"stepsCount":0,"attachmentsCount":0,"hasContent":false,"attachmentStep":false},{"name":"Then I should get the exit code is non-zero","time":{"start":1729602824332,"stop":1729602824333,"duration":1},"status":"passed","steps":[],"attachments":[],"parameters":[],"shouldDisplayMessage":false,"stepsCount":0,"attachmentsCount":0,"hasContent":false,"attachmentStep":false},{"name":"And The output error message should match with the pattern: \"\\[401\\] \\[CB_WA01\\] Password authentication failed.\"","time":{"start":1729602824333,"stop":1729602824333,"duration":0},"status":"passed","steps":[],"attachments":[],"parameters":[],"shouldDisplayMessage":false,"stepsCount":0,"attachmentsCount":0,"hasContent":false,"attachmentStep":false}],"attachments":[],"parameters":[],"shouldDisplayMessage":false,"stepsCount":4,"attachmentsCount":0,"hasContent":true,"attachmentStep":false},"afterStages":[],"labels":[{"name":"host","value":"fv-az1759-83"},{"name":"language","value":"javascript"},{"name":"framework","value":"cucumberjs"},{"name":"thread","value":"2016"},{"name":"feature","value":"cli-kintone common test cases"},{"name":"suite","value":"CliKintoneTest-19 Should return the error message when incorrect authorization information (password)"},{"name":"resultFormat","value":"allure2"}],"parameters":[],"links":[],"hidden":false,"retry":false,"extra":{"severity":"normal","retries":[],"categories":[],"history":{"statistic":{"failed":16,"broken":0,"skipped":0,"passed":375,"unknown":0,"total":391},"items":[{"uid":"8bd0bcfe82073804","reportUrl":"https://kintone.github.io/cli-kintone/6233//#testresult/8bd0bcfe82073804","status":"passed","time":{"start":1729601966286,"stop":1729601966971,"duration":685}},{"uid":"4d0362178c67ff62","reportUrl":"https://kintone.github.io/cli-kintone/6222//#testresult/4d0362178c67ff62","status":"passed","time":{"start":1729600695565,"stop":1729600696072,"duration":507}},{"uid":"fab62f6885e1e082","reportUrl":"https://kintone.github.io/cli-kintone/6213//#testresult/fab62f6885e1e082","status":"passed","time":{"start":1729599834004,"stop":1729599834739,"duration":735}},{"uid":"66f4cc4ae3ec1a92","reportUrl":"https://kintone.github.io/cli-kintone/6188//#testresult/66f4cc4ae3ec1a92","status":"passed","time":{"start":1729598937520,"stop":1729598938026,"duration":506}},{"uid":"66cb0cfaf302d212","reportUrl":"https://kintone.github.io/cli-kintone/6187//#testresult/66cb0cfaf302d212","status":"passed","time":{"start":1729598657590,"stop":1729598658266,"duration":676}},{"uid":"e0792f18eda0de67","reportUrl":"https://kintone.github.io/cli-kintone/6186//#testresult/e0792f18eda0de67","status":"passed","time":{"start":1729578990452,"stop":1729578990969,"duration":517}},{"uid":"87c8fefa12826e9e","reportUrl":"https://kintone.github.io/cli-kintone/6184//#testresult/87c8fefa12826e9e","status":"passed","time":{"start":1729578164444,"stop":1729578164940,"duration":496}},{"uid":"50ad645af7c011c1","reportUrl":"https://kintone.github.io/cli-kintone/6185//#testresult/50ad645af7c011c1","status":"passed","time":{"start":1729578397187,"stop":1729578397819,"duration":632}},{"uid":"761942a9d497c8a3","reportUrl":"https://kintone.github.io/cli-kintone/6184//#testresult/761942a9d497c8a3","status":"passed","time":{"start":1729577758596,"stop":1729577759269,"duration":673}},{"uid":"d4987c0ca29953d3","reportUrl":"https://kintone.github.io/cli-kintone/6182//#testresult/d4987c0ca29953d3","status":"passed","time":{"start":1729576662220,"stop":1729576662889,"duration":669}},{"uid":"b61338aa0cca6bf5","reportUrl":"https://kintone.github.io/cli-kintone/6181//#testresult/b61338aa0cca6bf5","status":"passed","time":{"start":1729576037006,"stop":1729576037656,"duration":650}},{"uid":"c20180144ae6a9ec","reportUrl":"https://kintone.github.io/cli-kintone/6180//#testresult/c20180144ae6a9ec","status":"passed","time":{"start":1729562622612,"stop":1729562623313,"duration":701}},{"uid":"96bc414e2ee643e7","reportUrl":"https://kintone.github.io/cli-kintone/6179//#testresult/96bc414e2ee643e7","status":"failed","statusDetails":"AssertionError [ERR_ASSERTION]: The input did not match the regular expression /\\[520\\] \\[CB_WA01\\] Password authentication failed./. Input:\n\n'[2024-10-22T01:21:20.590Z] ERROR: [401] [CB_WA01] Password authentication failed. The value in http header of X-Cybozu-Authorization is not valid. (NeJI5Ekcu4SjnJBNpRqI)\\n'\n\n    at OurWorld.<anonymous> (/home/runner/work/cli-kintone/cli-kintone/features/step_definitions/common.ts:230:12)","time":{"start":1729560080081,"stop":1729560080598,"duration":517}},{"uid":"f75c35e45f115e04","reportUrl":"https://kintone.github.io/cli-kintone/6178//#testresult/f75c35e45f115e04","status":"failed","statusDetails":"AssertionError [ERR_ASSERTION]: The input did not match the regular expression /\\[520\\] \\[CB_WA01\\] Password authentication failed./. Input:\n\n'[2024-10-22T01:16:51.876Z] ERROR: [401] [CB_WA01] Password authentication failed. The value in http header of X-Cybozu-Authorization is not valid. (n0iwyuSnsJF3hehykyFj)\\n'\n\n    at OurWorld.<anonymous> (/home/runner/work/cli-kintone/cli-kintone/features/step_definitions/common.ts:230:12)","time":{"start":1729559811220,"stop":1729559811883,"duration":663}},{"uid":"c6308b377cb4530b","reportUrl":"https://kintone.github.io/cli-kintone/6175//#testresult/c6308b377cb4530b","status":"passed","time":{"start":1729499974430,"stop":1729499975082,"duration":652}},{"uid":"208a7b773ce3aa01","reportUrl":"https://kintone.github.io/cli-kintone/6174//#testresult/208a7b773ce3aa01","status":"passed","time":{"start":1729497570923,"stop":1729497571618,"duration":695}},{"uid":"7c00fdb436ff1ee9","reportUrl":"https://kintone.github.io/cli-kintone/6166//#testresult/7c00fdb436ff1ee9","status":"failed","statusDetails":"AssertionError [ERR_ASSERTION]: The input did not match the regular expression /\\[520\\] \\[CB_WA01\\] Password authentication failed./. Input:\n\n'[2024-10-19T16:26:36.201Z] ERROR: [401] [CB_WA01] Password authentication failed. The value in http header of X-Cybozu-Authorization is not valid. (5bt4xCJ5I91T7FLh13QH)\\n'\n\n    at OurWorld.<anonymous> (/home/runner/work/cli-kintone/cli-kintone/features/step_definitions/common.ts:230:12)","time":{"start":1729355195701,"stop":1729355196210,"duration":509}},{"uid":"e6535af6f45fd72a","reportUrl":"https://kintone.github.io/cli-kintone/6165//#testresult/e6535af6f45fd72a","status":"failed","statusDetails":"AssertionError [ERR_ASSERTION]: The input did not match the regular expression /\\[520\\] \\[CB_WA01\\] Password authentication failed./. Input:\n\n'[2024-10-19T16:22:45.783Z] ERROR: [401] [CB_WA01] Password authentication failed. The value in http header of X-Cybozu-Authorization is not valid. (TGmNbw7LBr0Vpvcz1bWA)\\n'\n\n    at OurWorld.<anonymous> (/home/runner/work/cli-kintone/cli-kintone/features/step_definitions/common.ts:230:12)","time":{"start":1729354965288,"stop":1729354965790,"duration":502}},{"uid":"ccd5dd6836ceb19","reportUrl":"https://kintone.github.io/cli-kintone/6160//#testresult/ccd5dd6836ceb19","status":"failed","statusDetails":"AssertionError [ERR_ASSERTION]: The input did not match the regular expression /\\[520\\] \\[CB_WA01\\] Password authentication failed./. Input:\n\n'[2024-10-18T17:39:22.674Z] ERROR: [401] [CB_WA01] Password authentication failed. The value in http header of X-Cybozu-Authorization is not valid. (4JOmHoKzQT32UAFzzzek)\\n'\n\n    at OurWorld.<anonymous> (/home/runner/work/cli-kintone/cli-kintone/features/step_definitions/common.ts:230:12)","time":{"start":1729273162177,"stop":1729273162680,"duration":503}},{"uid":"4e492866242c514","reportUrl":"https://kintone.github.io/cli-kintone/6159//#testresult/4e492866242c514","status":"failed","statusDetails":"AssertionError [ERR_ASSERTION]: The input did not match the regular expression /\\[520\\] \\[CB_WA01\\] Password authentication failed./. Input:\n\n'[2024-10-18T17:07:39.697Z] ERROR: [401] [CB_WA01] Password authentication failed. The value in http header of X-Cybozu-Authorization is not valid. (vgo9CJgo2OinPn0cMLPI)\\n'\n\n    at OurWorld.<anonymous> (/home/runner/work/cli-kintone/cli-kintone/features/step_definitions/common.ts:230:12)","time":{"start":1729271259080,"stop":1729271259703,"duration":623}}]},"tags":[]},"source":"9440c81490dbc643.json","parameterValues":[]}